MPASM  5.51                  PRACTICA_2_1.ASM   3-1-2023  12:10:33         PAGE  1


LOC  OBJECT CODE     LINE SOURCE TEXT
  VALUE

                      00001  LIST P=18F4550 ;directiva para efinir el procesador
                      00002 #include <P18F4550.INC> ;definiciones de variables especificas del procesador
                      00001         LIST
                      00002 
                      00003 ;==========================================================================
                      00004 ;  MPASM PIC18F4550 processor include
                      00005 ; 
                      00006 ;  (c) Copyright 1999-2013 Microchip Technology, All rights reserved
                      00007 ;==========================================================================
                      00008 
                      01764         LIST
                      00003 ;******************************************************************************
                      00004 ;Bits de configuración
Warning[205]: Found directive in column 1. (CONFIG)
00 0A 18 1E 01 81 0F C00005 CONFIG FOSC = INTOSC_XT ;Oscilador INT usado por el uC , XT usado por el USB
       0 0F E0 0F 40 
Warning[205]: Found directive in column 1. (CONFIG)
                      00006 CONFIG BOR = OFF ;BROWNOUT RESET DESHABILITADO
Warning[205]: Found directive in column 1. (CONFIG)
                      00007 CONFIG PWRT = ON ;PWR UP Timer habilitado
Warning[205]: Found directive in column 1. (CONFIG)
                      00008 CONFIG WDT = OFF ;Temporizador vigia apagado
Warning[205]: Found directive in column 1. (CONFIG)
                      00009 CONFIG MCLRE=OFF ;Reset apagado
Warning[205]: Found directive in column 1. (CONFIG)
                      00010 CONFIG PBADEN=OFF
Warning[205]: Found directive in column 1. (CONFIG)
                      00011 CONFIG LVP = OFF
                      00012 ;******************************************************************************
                      00013 ;Definiciones de variables
                      00014                 CBLOCK 0x000 ;ejemplo de definición de variables en RAM de acceso
  00000000            00015                 cont
  00000001            00016                 veces
  00000002            00017                 rep
  00000003            00018                 mem
  00000004            00019                 rest
                      00020                 ENDC
                      00021 ;******************************************************************************
                      00022 ;Reset vector
000000                00023                 ORG 0x0000
                      00024 ;Inicio del programa principal
000000 9CD3           00025                 bcf     OSCCON,IRCF2,0
000002 9AD3           00026                 bcf     OSCCON,IRCF1,0
000004 88D3           00027                 bsf     OSCCON,IRCF0,0 ;Oscilador interno a125 kHz{7
000006 0E0F           00028                 movlw   0x0F
000008 6EC1           00029                 movwf   ADCON1,0 ;Puertos Digitales
00000A 6A83           00030                 clrf    PORTD,0
00000C 6A95           00031                 clrf    TRISD,0 ;Puerto D Configurado como salida
00000E 6A83           00032 inicio  clrf    PORTD,0
000010 A081           00033 pausa0  btfss   PORTB,0,0
000012 D7FE           00034                 bra             pausa0
000014 8083           00035                 bsf     PORTD,0,0 ;enciende LED conectado en RD0
000016 0E08           00036                 movlw   0x08 
MPASM  5.51                  PRACTICA_2_1.ASM   3-1-2023  12:10:33         PAGE  2


LOC  OBJECT CODE     LINE SOURCE TEXT
  VALUE

000018 6E02           00037                 movwf   rep
00001A 0E08           00038 corrs   movlw   0x08
00001C 6E01           00039                 movwf   veces
00001E 3683           00040 correi  rlcf    PORTD,F,0
000020 EC8C F000      00041                 call    retardo
000024 A281           00042                 btfss   PORTB,1,0
000026 78D3           00043                 btg             OSCCON,IRCF0,0
000028 A281           00044 pausa5  btfss   PORTB,1,0
00002A D7FE           00045                 bra             pausa5
00002C A081           00046                 btfss   PORTB,0,0
00002E D013           00047                 bra             ascenso
000030 2E01           00048                 decfsz  veces,f,0
000032 D7F5           00049                 bra     correi
000034 0E08           00050                 movlw   0x08
000036 6E01           00051                 movwf   veces
000038 3283           00052 corred  rrcf    PORTD,F,0
00003A EC8C F000      00053                 call    retardo
00003E A281           00054                 btfss   PORTB,1,0
000040 78D3           00055                 btg             OSCCON,IRCF0,0
000042 A281           00056 pausa6  btfss   PORTB,1,0
000044 D7FE           00057                 bra             pausa6
000046 A081           00058                 btfss   PORTB,0,0 
000048 D006           00059                 bra             ascenso
00004A 2E01           00060                 decfsz  veces,f,0
00004C D7F5           00061                 bra     corred
00004E 2E02           00062                 decfsz  rep,f,0
000050 D7E4           00063                 bra     corrs
000052 0E08           00064                 movlw   0x08
000054 6E02           00065                 movwf   rep
000056 0E08           00066 ascenso movlw   0x08
000058 6E01           00067                 movwf   veces
00005A C000 FF83      00068                 movff   0x00,PORTD
00005E CF83 FFE8      00069 inc1    movff   PORTD,WREG
000062 A081           00070 pausa2  btfss   PORTB,0,0
000064 D7FE           00071                 bra             pausa2
000066 2A83           00072                 incf    PORTD,F,0
000068 2683           00073                 addwf   PORTD,1,0
00006A EC8C F000      00074                 call    retardo
00006E A281           00075                 btfss   PORTB,1,0
000070 78D3           00076                 btg             OSCCON,IRCF0,0
000072 A281           00077 pausa7  btfss   PORTB,1,0
000074 D7FE           00078                 bra             pausa7
000076 A081           00079                 btfss   PORTB,0,0 
000078 D01D           00080                 bra             tog
00007A 2E01           00081                 decfsz  veces,f,0
00007C D7F0           00082                 bra     inc1
00007E 0E08           00083                 movlw   0x08
000080 6E01           00084                 movwf   veces
000082 0E01           00085                 movlw   0x01
000084 6E03           00086                 movwf   mem
000086 C003 FFE8      00087 dec1    movff   mem,WREG
00008A 5E83           00088                 subwf   PORTD,F,0
00008C 0E02           00089                 movlw   0x02
MPASM  5.51                  PRACTICA_2_1.ASM   3-1-2023  12:10:33         PAGE  3


LOC  OBJECT CODE     LINE SOURCE TEXT
  VALUE

00008E 0203           00090                 mulwf   mem
000090 CFF3 F003      00091                 movff   PRODL,mem
000094 EC8C F000      00092                 call    retardo
000098 A281           00093                 btfss   PORTB,1,0
00009A 78D3           00094                 btg             OSCCON,IRCF0,0
00009C A281           00095 pausa8  btfss   PORTB,1,0
00009E D7FE           00096                 bra             pausa8
0000A0 A081           00097                 btfss   PORTB,0,0 
0000A2 D008           00098                 bra             tog
0000A4 2E01           00099                 decfsz  veces,f,0
0000A6 D7EF           00100                 bra     dec1
0000A8 2E02           00101                 decfsz  rep,f,0
0000AA D7D5           00102                 bra     ascenso
0000AC A081           00103                 btfss   PORTB,0,0       ;prueba si es 1 y salta
0000AE D7AF           00104                 bra             inicio
0000B0 0E10           00105                 movlw   0x10
0000B2 6E02           00106                 movwf   rep
0000B4 6A83           00107 tog             clrf    PORTD,0         ;limpia el registro f
0000B6 A081           00108 pausa3  btfss   PORTB,0,0
0000B8 D7FE           00109                 bra             pausa3
0000BA 7083           00110 inve    btg             PORTD,0,0       ;el primer bit es el #bit 
0000BC EC8C F000      00111                 call    retardo
0000C0 A081           00112                 btfss   PORTB,0,0 
0000C2 D7A5           00113                 bra             inicio
0000C4 7E83           00114                 btg             PORTD,7,0       ;el primer bit es el #bit 
0000C6 EC8C F000      00115                 call    retardo
0000CA A081           00116                 btfss   PORTB,0,0 
0000CC D7A0           00117                 bra             inicio
0000CE 7283           00118                 btg             PORTD,1,0       ;el primer bit es el #bit 
0000D0 EC8C F000      00119                 call    retardo
0000D4 A081           00120                 btfss   PORTB,0,0 
0000D6 D79B           00121                 bra             inicio
0000D8 7C83           00122                 btg             PORTD,6,0       ;el primer bit es el #bit 
0000DA EC8C F000      00123                 call    retardo
0000DE A081           00124                 btfss   PORTB,0,0 
0000E0 D796           00125                 bra             inicio
0000E2 7483           00126                 btg             PORTD,2,0       ;el primer bit es el #bit 
0000E4 EC8C F000      00127                 call    retardo
0000E8 A081           00128                 btfss   PORTB,0,0 
0000EA D791           00129                 bra             inicio
0000EC 7A83           00130                 btg             PORTD,5,0       ;el primer bit es el #bit 
0000EE EC8C F000      00131                 call    retardo
0000F2 A081           00132                 btfss   PORTB,0,0 
0000F4 D78C           00133                 bra             inicio
0000F6 7683           00134                 btg             PORTD,3,0       ;el primer bit es el #bit 
0000F8 EC8C F000      00135                 call    retardo
0000FC A081           00136                 btfss   PORTB,0,0 
0000FE D787           00137                 bra             inicio
000100 7883           00138                 btg             PORTD,4,0       ;el primer bit es el #bit 
000102 EC8C F000      00139                 call    retardo
000106 A081           00140                 btfss   PORTB,0,0 
000108 D782           00141                 bra             inicio
00010A A281           00142                 btfss   PORTB,1,0
MPASM  5.51                  PRACTICA_2_1.ASM   3-1-2023  12:10:33         PAGE  4


LOC  OBJECT CODE     LINE SOURCE TEXT
  VALUE

00010C 78D3           00143                 btg             OSCCON,IRCF0,0
00010E A281           00144 pausa9  btfss   PORTB,1,0
000110 D7FE           00145                 bra             pausa9
000112 2E02           00146                 decfsz  rep,f,0
000114 D7D2           00147                 bra             inve
000116 D77B           00148                 bra             inicio
                      00149 
                      00150 
                      00151 ;******************************************************************************
000118 0EFF           00152 retardo movlw   0xff
00011A 6E00           00153                 movwf   cont,0
00011C 0000           00154 nada    nop
00011E 2E00           00155                 decfsz  cont,1,0
000120 D7FD           00156                 bra     nada
000122 0012           00157                 return
                      00158                 END
MPASM  5.51                  PRACTICA_2_1.ASM   3-1-2023  12:10:33         PAGE  5


SYMBOL TABLE
  LABEL                             VALUE 

A                                 00000000
ABDEN                             00000000
ABDOVF                            00000007
ACCESS                            00000000
ACKDT                             00000005
ACKEN                             00000004
ACKSTAT                           00000006
ACQT0                             00000003
ACQT1                             00000004
ACQT2                             00000005
ACTVIE                            00000002
ACTVIF                            00000002
ADCON0                            00000FC2
ADCON1                            00000FC1
ADCON2                            00000FC0
ADCS0                             00000000
ADCS1                             00000001
ADCS2                             00000002
ADDEN                             00000003
ADDR0                             00000000
ADDR1                             00000001
ADDR2                             00000002
ADDR3                             00000003
ADDR4                             00000004
ADDR5                             00000005
ADDR6                             00000006
ADEN                              00000003
ADFM                              00000007
ADIE                              00000006
ADIF                              00000006
ADIP                              00000006
ADON                              00000000
ADRES                             00000FC3
ADRESH                            00000FC4
ADRESL                            00000FC3
AN0                               00000000
AN1                               00000001
AN2                               00000002
AN3                               00000003
AN4                               00000005
BANKED                            00000001
BAUDCON                           00000FB8
BAUDCTL                           00000FB8
BCLIE                             00000003
BCLIF                             00000003
BCLIP                             00000003
BF                                00000000
BGST                              00000005
BOR                               00000000
BRG16                             00000003
BRGH                              00000002
BSR                               00000FE0
BTOEE                             00000004
MPASM  5.51                  PRACTICA_2_1.ASM   3-1-2023  12:10:33         PAGE  6


SYMBOL TABLE
  LABEL                             VALUE 

BTOEF                             00000004
BTSEE                             00000007
BTSEF                             00000007
C                                 00000000
C1INV                             00000004
C1OUT                             00000006
C2INV                             00000005
C2OUT                             00000007
CCP1                              00000002
CCP1AS                            00000FB6
CCP1CON                           00000FBD
CCP1DEL                           00000FB7
CCP1IE                            00000002
CCP1IF                            00000002
CCP1IP                            00000002
CCP1M0                            00000000
CCP1M1                            00000001
CCP1M2                            00000002
CCP1M3                            00000003
CCP2CON                           00000FBA
CCP2IE                            00000000
CCP2IF                            00000000
CCP2IP                            00000000
CCP2M0                            00000000
CCP2M1                            00000001
CCP2M2                            00000002
CCP2M3                            00000003
CCPR1                             00000FBE
CCPR1H                            00000FBF
CCPR1L                            00000FBE
CCPR2                             00000FBB
CCPR2H                            00000FBC
CCPR2L                            00000FBB
CFGS                              00000006
CHS0                              00000002
CHS1                              00000003
CHS2                              00000004
CHS3                              00000005
CIS                               00000003
CK                                00000006
CK1SPP                            00000000
CK2SPP                            00000001
CKE                               00000006
CKP                               00000004
CLK1EN                            00000004
CLKCFG0                           00000006
CLKCFG1                           00000007
CM0                               00000000
CM1                               00000001
CM2                               00000002
CMCON                             00000FB4
CMIE                              00000006
CMIF                              00000006
MPASM  5.51                  PRACTICA_2_1.ASM   3-1-2023  12:10:33         PAGE  7


SYMBOL TABLE
  LABEL                             VALUE 

CMIP                              00000006
CRC16EE                           00000002
CRC16EF                           00000002
CRC5EE                            00000001
CRC5EF                            00000001
CREN                              00000004
CSEN                              00000005
CSRC                              00000007
CVR0                              00000000
CVR1                              00000001
CVR2                              00000002
CVR3                              00000003
CVRCON                            00000FB5
CVREF                             00000004
CVREN                             00000007
CVROE                             00000006
CVRR                              00000005
CVRSS                             00000004
D                                 00000005
DATA_ADDRESS                      00000005
DC                                00000001
DC1B0                             00000004
DC1B1                             00000005
DC2B0                             00000004
DC2B1                             00000005
DDRA                              TRISA
DDRB                              TRISB
DDRC                              TRISC
DDRD                              TRISD
DDRE                              TRISE
DFN8EE                            00000003
DFN8EF                            00000003
DIR                               00000002
DONE                              00000001
D_A                               00000005
D_NOT_A                           00000005
ECCP1AS                           00000FB6
ECCP1CON                          00000FBD
ECCP1DEL                          00000FB7
ECCPAS0                           00000004
ECCPAS1                           00000005
ECCPAS2                           00000006
ECCPASE                           00000007
EEADR                             00000FA9
EECON1                            00000FA6
EECON2                            00000FA7
EEDATA                            00000FA8
EEIE                              00000004
EEIF                              00000004
EEIP                              00000004
EEPGD                             00000007
ENDP0                             00000003
ENDP1                             00000004
MPASM  5.51                  PRACTICA_2_1.ASM   3-1-2023  12:10:33         PAGE  8


SYMBOL TABLE
  LABEL                             VALUE 

ENDP2                             00000005
ENDP3                             00000006
EPCONDIS                          00000003
EPHSHK                            00000004
EPINEN                            00000001
EPOUTEN                           00000002
EPSTALL                           00000000
FAST                              00000001
FERR                              00000002
FLTS                              00000002
FREE                              00000004
FRM0                              00000000
FRM1                              00000001
FRM10                             00000002
FRM2                              00000002
FRM3                              00000003
FRM4                              00000004
FRM5                              00000005
FRM6                              00000006
FRM7                              00000007
FRM8                              00000000
FRM9                              00000001
FSEN                              00000002
FSR0                              00000000
FSR0H                             00000FEA
FSR0L                             00000FE9
FSR1                              00000001
FSR1H                             00000FE2
FSR1L                             00000FE1
FSR2                              00000002
FSR2H                             00000FDA
FSR2L                             00000FD9
GCEN                              00000007
GIE                               00000007
GIEH                              00000007
GIEL                              00000006
GIE_GIEH                          00000007
GO                                00000001
GO_DONE                           00000001
GO_NOT_DONE                       00000001
HLVDCON                           00000FD2
HLVDEN                            00000004
HLVDIE                            00000002
HLVDIF                            00000002
HLVDIN                            00000005
HLVDIP                            00000002
HLVDL0                            00000000
HLVDL1                            00000001
HLVDL2                            00000002
HLVDL3                            00000003
I2C_DAT                           00000005
I2C_READ                          00000002
I2C_START                         00000003
MPASM  5.51                  PRACTICA_2_1.ASM   3-1-2023  12:10:33         PAGE  9


SYMBOL TABLE
  LABEL                             VALUE 

I2C_STOP                          00000004
IDLEIE                            00000004
IDLEIF                            00000004
IDLEN                             00000007
INDF0                             00000FEF
INDF1                             00000FE7
INDF2                             00000FDF
INT0                              00000000
INT0E                             00000004
INT0F                             00000001
INT0IE                            00000004
INT0IF                            00000001
INT1                              00000001
INT1E                             00000003
INT1F                             00000000
INT1IE                            00000003
INT1IF                            00000000
INT1IP                            00000006
INT1P                             00000006
INT2                              00000002
INT2E                             00000004
INT2F                             00000001
INT2IE                            00000004
INT2IF                            00000001
INT2IP                            00000007
INT2P                             00000007
INTCON                            00000FF2
INTCON2                           00000FF1
INTCON3                           00000FF0
INTEDG0                           00000006
INTEDG1                           00000005
INTEDG2                           00000004
INTSRC                            00000007
IOFS                              00000002
IPEN                              00000007
IPR1                              00000F9F
IPR2                              00000FA2
IRCF0                             00000004
IRCF1                             00000005
IRCF2                             00000006
IRVST                             00000005
IVRST                             00000005
LATA                              00000F89
LATA0                             00000000
LATA1                             00000001
LATA2                             00000002
LATA3                             00000003
LATA4                             00000004
LATA5                             00000005
LATA6                             00000006
LATB                              00000F8A
LATB0                             00000000
LATB1                             00000001
MPASM  5.51                  PRACTICA_2_1.ASM   3-1-2023  12:10:33         PAGE 10


SYMBOL TABLE
  LABEL                             VALUE 

LATB2                             00000002
LATB3                             00000003
LATB4                             00000004
LATB5                             00000005
LATB6                             00000006
LATB7                             00000007
LATC                              00000F8B
LATC0                             00000000
LATC1                             00000001
LATC2                             00000002
LATC6                             00000006
LATC7                             00000007
LATD                              00000F8C
LATD0                             00000000
LATD1                             00000001
LATD2                             00000002
LATD3                             00000003
LATD4                             00000004
LATD5                             00000005
LATD6                             00000006
LATD7                             00000007
LATE                              00000F8D
LATE0                             00000000
LATE1                             00000001
LATE2                             00000002
LVDCON                            00000FD2
LVDEN                             00000004
LVDIE                             00000002
LVDIF                             00000002
LVDIN                             00000005
LVDIP                             00000002
LVDL0                             00000000
LVDL1                             00000001
LVDL2                             00000002
LVDL3                             00000003
LVV0                              00000000
LVV1                              00000001
LVV2                              00000002
LVV3                              00000003
N                                 00000004
NOT_A                             00000005
NOT_ADDRESS                       00000005
NOT_BOR                           00000000
NOT_DONE                          00000001
NOT_IPEN                          00000007
NOT_PD                            00000002
NOT_POR                           00000001
NOT_RBPU                          00000007
NOT_RI                            00000004
NOT_T1SYNC                        00000002
NOT_T3SYNC                        00000002
NOT_TO                            00000003
NOT_W                             00000002
MPASM  5.51                  PRACTICA_2_1.ASM   3-1-2023  12:10:33         PAGE 11


SYMBOL TABLE
  LABEL                             VALUE 

NOT_WRITE                         00000002
OERR                              00000001
OESPP                             00000002
OSC2                              00000006
OSCCON                            00000FD3
OSCFIE                            00000007
OSCFIF                            00000007
OSCFIP                            00000007
OSCTUNE                           00000F9B
OSTS                              00000003
OV                                00000003
P                                 00000004
P1A                               00000002
P1M0                              00000006
P1M1                              00000007
PC                                00000FF9
PCFG0                             00000000
PCFG1                             00000001
PCFG2                             00000002
PCFG3                             00000003
PCL                               00000FF9
PCLATH                            00000FFA
PCLATU                            00000FFB
PD                                00000002
PDC0                              00000000
PDC1                              00000001
PDC2                              00000002
PDC3                              00000003
PDC4                              00000004
PDC5                              00000005
PDC6                              00000006
PEIE                              00000006
PEIE_GIEL                         00000006
PEN                               00000002
PGC                               00000006
PGD                               00000007
PGM                               00000005
PIDEE                             00000000
PIDEF                             00000000
PIE1                              00000F9D
PIE2                              00000FA0
PIR1                              00000F9E
PIR2                              00000FA1
PKTDIS                            00000004
PLUSW0                            00000FEB
PLUSW1                            00000FE3
PLUSW2                            00000FDB
POR                               00000001
PORTA                             00000F80
PORTB                             00000F81
PORTC                             00000F82
PORTD                             00000F83
PORTE                             00000F84
MPASM  5.51                  PRACTICA_2_1.ASM   3-1-2023  12:10:33         PAGE 12


SYMBOL TABLE
  LABEL                             VALUE 

POSTDEC0                          00000FED
POSTDEC1                          00000FE5
POSTDEC2                          00000FDD
POSTINC0                          00000FEE
POSTINC1                          00000FE6
POSTINC2                          00000FDE
PPB0                              00000000
PPB1                              00000001
PPBI                              00000001
PPBRST                            00000006
PR2                               00000FCB
PREINC0                           00000FEC
PREINC1                           00000FE4
PREINC2                           00000FDC
PROD                              00000FF3
PRODH                             00000FF4
PRODL                             00000FF3
PRSEN                             00000007
PSA                               00000003
PSSAC0                            00000002
PSSAC1                            00000003
PSSBD0                            00000000
PSSBD1                            00000001
R                                 00000002
RA0                               00000000
RA1                               00000001
RA2                               00000002
RA3                               00000003
RA4                               00000004
RA5                               00000005
RA6                               00000006
RB0                               00000000
RB1                               00000001
RB2                               00000002
RB3                               00000003
RB4                               00000004
RB5                               00000005
RB6                               00000006
RB7                               00000007
RBIE                              00000003
RBIF                              00000000
RBIP                              00000000
RBPU                              00000007
RC0                               00000000
RC1                               00000001
RC2                               00000002
RC4                               00000004
RC5                               00000005
RC6                               00000006
RC7                               00000007
RCEN                              00000003
RCIDL                             00000006
RCIE                              00000005
MPASM  5.51                  PRACTICA_2_1.ASM   3-1-2023  12:10:33         PAGE 13


SYMBOL TABLE
  LABEL                             VALUE 

RCIF                              00000005
RCIP                              00000005
RCMT                              00000006
RCON                              00000FD0
RCREG                             00000FAE
RCSTA                             00000FAB
RD                                00000000
RD0                               00000000
RD1                               00000001
RD16                              00000007
RD2                               00000002
RD3                               00000003
RD4                               00000004
RD5                               00000005
RD6                               00000006
RD7                               00000007
RDPU                              00000007
RDSPP                             00000007
RE0                               00000000
RE1                               00000001
RE2                               00000002
RE3                               00000003
READ_WRITE                        00000002
RESUME                            00000002
RI                                00000004
RSEN                              00000001
RX                                00000007
RX9                               00000006
RX9D                              00000000
RXDTP                             00000005
R_NOT_W                           00000002
R_W                               00000002
S                                 00000003
SBOREN                            00000006
SCKP                              00000004
SCS0                              00000000
SCS1                              00000001
SE0                               00000005
SEN                               00000000
SENDB                             00000003
SMP                               00000007
SOFIE                             00000006
SOFIF                             00000006
SPBRG                             00000FAF
SPBRGH                            00000FB0
SPEN                              00000007
SPP0                              00000000
SPP1                              00000001
SPP2                              00000002
SPP3                              00000003
SPP4                              00000004
SPP5                              00000005
SPP6                              00000006
MPASM  5.51                  PRACTICA_2_1.ASM   3-1-2023  12:10:33         PAGE 14


SYMBOL TABLE
  LABEL                             VALUE 

SPP7                              00000007
SPPBUSY                           00000004
SPPCFG                            00000F63
SPPCON                            00000F65
SPPDATA                           00000F62
SPPEN                             00000000
SPPEPS                            00000F64
SPPIE                             00000007
SPPIF                             00000007
SPPIP                             00000007
SPPOWN                            00000001
SREN                              00000005
SSPADD                            00000FC8
SSPBUF                            00000FC9
SSPCON1                           00000FC6
SSPCON2                           00000FC5
SSPEN                             00000005
SSPIE                             00000003
SSPIF                             00000003
SSPIP                             00000003
SSPM0                             00000000
SSPM1                             00000001
SSPM2                             00000002
SSPM3                             00000003
SSPOV                             00000006
SSPSTAT                           00000FC7
STALLIE                           00000005
STALLIF                           00000005
STATUS                            00000FD8
STKFUL                            00000007
STKOVF                            00000007
STKPTR                            00000FFC
STKPTR0                           00000000
STKPTR1                           00000001
STKPTR2                           00000002
STKPTR3                           00000003
STKPTR4                           00000004
STKUNF                            00000006
SUSPND                            00000001
SWDTE                             00000000
SWDTEN                            00000000
SYNC                              00000004
T08BIT                            00000006
T0CKI                             00000004
T0CON                             00000FD5
T0CS                              00000005
T0IE                              00000005
T0IF                              00000002
T0IP                              00000002
T0PS0                             00000000
T0PS1                             00000001
T0PS2                             00000002
T0SE                              00000004
MPASM  5.51                  PRACTICA_2_1.ASM   3-1-2023  12:10:33         PAGE 15


SYMBOL TABLE
  LABEL                             VALUE 

T13CKI                            00000000
T1CKPS0                           00000004
T1CKPS1                           00000005
T1CON                             00000FCD
T1OSCEN                           00000003
T1OSI                             00000001
T1OSO                             00000000
T1RUN                             00000006
T1SYNC                            00000002
T2CKPS0                           00000000
T2CKPS1                           00000001
T2CON                             00000FCA
T2OUTPS0                          00000003
T2OUTPS1                          00000004
T2OUTPS2                          00000005
T2OUTPS3                          00000006
T3CCP1                            00000003
T3CCP2                            00000006
T3CKPS0                           00000004
T3CKPS1                           00000005
T3CON                             00000FB1
T3NSYNC                           00000002
T3SYNC                            00000002
TABLAT                            00000FF5
TBLPTR                            00000FF6
TBLPTRH                           00000FF7
TBLPTRL                           00000FF6
TBLPTRU                           00000FF8
TMR0                              00000FD6
TMR0H                             00000FD7
TMR0IE                            00000005
TMR0IF                            00000002
TMR0IP                            00000002
TMR0L                             00000FD6
TMR0ON                            00000007
TMR1                              00000FCE
TMR1CS                            00000001
TMR1H                             00000FCF
TMR1IE                            00000000
TMR1IF                            00000000
TMR1IP                            00000000
TMR1L                             00000FCE
TMR1ON                            00000000
TMR2                              00000FCC
TMR2IE                            00000001
TMR2IF                            00000001
TMR2IP                            00000001
TMR2ON                            00000002
TMR3                              00000FB2
TMR3CS                            00000001
TMR3H                             00000FB3
TMR3IE                            00000001
TMR3IF                            00000001
MPASM  5.51                  PRACTICA_2_1.ASM   3-1-2023  12:10:33         PAGE 16


SYMBOL TABLE
  LABEL                             VALUE 

TMR3IP                            00000001
TMR3L                             00000FB2
TMR3ON                            00000000
TO                                00000003
TOS                               00000FFD
TOSH                              00000FFE
TOSL                              00000FFD
TOSU                              00000FFF
TOUTPS0                           00000003
TOUTPS1                           00000004
TOUTPS2                           00000005
TOUTPS3                           00000006
TRISA                             00000F92
TRISA0                            00000000
TRISA1                            00000001
TRISA2                            00000002
TRISA3                            00000003
TRISA4                            00000004
TRISA5                            00000005
TRISA6                            00000006
TRISB                             00000F93
TRISB0                            00000000
TRISB1                            00000001
TRISB2                            00000002
TRISB3                            00000003
TRISB4                            00000004
TRISB5                            00000005
TRISB6                            00000006
TRISB7                            00000007
TRISC                             00000F94
TRISC0                            00000000
TRISC1                            00000001
TRISC2                            00000002
TRISC6                            00000006
TRISC7                            00000007
TRISD                             00000F95
TRISD0                            00000000
TRISD1                            00000001
TRISD2                            00000002
TRISD3                            00000003
TRISD4                            00000004
TRISD5                            00000005
TRISD6                            00000006
TRISD7                            00000007
TRISE                             00000F96
TRISE0                            00000000
TRISE1                            00000001
TRISE2                            00000002
TRMT                              00000001
TRNIE                             00000003
TRNIF                             00000003
TUN0                              00000000
TUN1                              00000001
MPASM  5.51                  PRACTICA_2_1.ASM   3-1-2023  12:10:33         PAGE 17


SYMBOL TABLE
  LABEL                             VALUE 

TUN2                              00000002
TUN3                              00000003
TUN4                              00000004
TX                                00000006
TX9                               00000006
TX9D                              00000000
TXCKP                             00000004
TXEN                              00000005
TXIE                              00000004
TXIF                              00000004
TXIP                              00000004
TXREG                             00000FAD
TXSTA                             00000FAC
UA                                00000001
UADDR                             00000F6E
UCFG                              00000F6F
UCON                              00000F6D
UEIE                              00000F6B
UEIR                              00000F6A
UEP0                              00000F70
UEP1                              00000F71
UEP10                             00000F7A
UEP11                             00000F7B
UEP12                             00000F7C
UEP13                             00000F7D
UEP14                             00000F7E
UEP15                             00000F7F
UEP2                              00000F72
UEP3                              00000F73
UEP4                              00000F74
UEP5                              00000F75
UEP6                              00000F76
UEP7                              00000F77
UEP8                              00000F78
UEP9                              00000F79
UERRIE                            00000001
UERRIF                            00000001
UFRM                              00000F66
UFRMH                             00000F67
UFRML                             00000F66
UIE                               00000F69
UIR                               00000F68
UOEMON                            00000006
UPUEN                             00000004
URSTIE                            00000000
URSTIF                            00000000
USBEN                             00000003
USBIE                             00000005
USBIF                             00000005
USBIP                             00000005
USTAT                             00000F6C
UTEYE                             00000007
UTRDIS                            00000003
MPASM  5.51                  PRACTICA_2_1.ASM   3-1-2023  12:10:33         PAGE 18


SYMBOL TABLE
  LABEL                             VALUE 

VCFG0                             00000004
VCFG1                             00000005
VDIRMAG                           00000007
VREFM                             00000002
VREFP                             00000003
W                                 00000000
WCOL                              00000007
WDTCON                            00000FD1
WR                                00000001
WREG                              00000FE8
WREN                              00000002
WRERR                             00000003
WRSPP                             00000006
WS0                               00000000
WS1                               00000001
WS2                               00000002
WS3                               00000003
WUE                               00000001
Z                                 00000002
_BORV_0_2L                        000000E7
_BORV_1_2L                        000000EF
_BORV_2_2L                        000000F7
_BORV_3_2L                        000000FF
_BOR_OFF_2L                       000000F9
_BOR_ON_2L                        000000FF
_BOR_ON_ACTIVE_2L                 000000FD
_BOR_SOFT_2L                      000000FB
_CCP2MX_OFF_3H                    000000FE
_CCP2MX_ON_3H                     000000FF
_CONFIG1H                         00300001
_CONFIG1L                         00300000
_CONFIG2H                         00300003
_CONFIG2L                         00300002
_CONFIG3H                         00300005
_CONFIG4L                         00300006
_CONFIG5H                         00300009
_CONFIG5L                         00300008
_CONFIG6H                         0030000B
_CONFIG6L                         0030000A
_CONFIG7H                         0030000D
_CONFIG7L                         0030000C
_CP0_OFF_5L                       000000FF
_CP0_ON_5L                        000000FE
_CP1_OFF_5L                       000000FF
_CP1_ON_5L                        000000FD
_CP2_OFF_5L                       000000FF
_CP2_ON_5L                        000000FB
_CP3_OFF_5L                       000000FF
_CP3_ON_5L                        000000F7
_CPB_OFF_5H                       000000FF
_CPB_ON_5H                        000000BF
_CPD_OFF_5H                       000000FF
_CPD_ON_5H                        0000007F
MPASM  5.51                  PRACTICA_2_1.ASM   3-1-2023  12:10:33         PAGE 19


SYMBOL TABLE
  LABEL                             VALUE 

_CPUDIV_OSC1_PLL2_1L              000000E7
_CPUDIV_OSC2_PLL3_1L              000000EF
_CPUDIV_OSC3_PLL4_1L              000000F7
_CPUDIV_OSC4_PLL6_1L              000000FF
_DEBUG_OFF_4L                     000000FF
_DEBUG_ON_4L                      0000007F
_DEVID1                           003FFFFE
_DEVID2                           003FFFFF
_EBTR0_OFF_7L                     000000FF
_EBTR0_ON_7L                      000000FE
_EBTR1_OFF_7L                     000000FF
_EBTR1_ON_7L                      000000FD
_EBTR2_OFF_7L                     000000FF
_EBTR2_ON_7L                      000000FB
_EBTR3_OFF_7L                     000000FF
_EBTR3_ON_7L                      000000F7
_EBTRB_OFF_7H                     000000FF
_EBTRB_ON_7H                      000000BF
_FCMEN_OFF_1H                     000000BF
_FCMEN_ON_1H                      000000FF
_FOSC_ECIO_EC_1H                  000000F4
_FOSC_ECPLLIO_EC_1H               000000F6
_FOSC_ECPLL_EC_1H                 000000F7
_FOSC_EC_EC_1H                    000000F5
_FOSC_HSPLL_HS_1H                 000000FE
_FOSC_HS_1H                       000000FC
_FOSC_INTOSCIO_EC_1H              000000F8
_FOSC_INTOSC_EC_1H                000000F9
_FOSC_INTOSC_HS_1H                000000FB
_FOSC_INTOSC_XT_1H                000000FA
_FOSC_XTPLL_XT_1H                 000000F2
_FOSC_XT_XT_1H                    000000F0
_ICPRT_OFF_4L                     000000DF
_ICPRT_ON_4L                      000000FF
_IDLOC0                           00200000
_IDLOC1                           00200001
_IDLOC2                           00200002
_IDLOC3                           00200003
_IDLOC4                           00200004
_IDLOC5                           00200005
_IDLOC6                           00200006
_IDLOC7                           00200007
_IESO_OFF_1H                      0000007F
_IESO_ON_1H                       000000FF
_LPT1OSC_OFF_3H                   000000FB
_LPT1OSC_ON_3H                    000000FF
_LVP_OFF_4L                       000000FB
_LVP_ON_4L                        000000FF
_MCLRE_OFF_3H                     0000007F
_MCLRE_ON_3H                      000000FF
_PBADEN_OFF_3H                    000000FD
_PBADEN_ON_3H                     000000FF
_PLLDIV_10_1L                     000000FE
MPASM  5.51                  PRACTICA_2_1.ASM   3-1-2023  12:10:33         PAGE 20


SYMBOL TABLE
  LABEL                             VALUE 

_PLLDIV_12_1L                     000000FF
_PLLDIV_1_1L                      000000F8
_PLLDIV_2_1L                      000000F9
_PLLDIV_3_1L                      000000FA
_PLLDIV_4_1L                      000000FB
_PLLDIV_5_1L                      000000FC
_PLLDIV_6_1L                      000000FD
_PWRT_OFF_2L                      000000FF
_PWRT_ON_2L                       000000FE
_STVREN_OFF_4L                    000000FE
_STVREN_ON_4L                     000000FF
_USBDIV_1_1L                      000000DF
_USBDIV_2_1L                      000000FF
_VREGEN_OFF_2L                    000000DF
_VREGEN_ON_2L                     000000FF
_WDTPS_1024_2H                    000000F5
_WDTPS_128_2H                     000000EF
_WDTPS_16384_2H                   000000FD
_WDTPS_16_2H                      000000E9
_WDTPS_1_2H                       000000E1
_WDTPS_2048_2H                    000000F7
_WDTPS_256_2H                     000000F1
_WDTPS_2_2H                       000000E3
_WDTPS_32768_2H                   000000FF
_WDTPS_32_2H                      000000EB
_WDTPS_4096_2H                    000000F9
_WDTPS_4_2H                       000000E5
_WDTPS_512_2H                     000000F3
_WDTPS_64_2H                      000000ED
_WDTPS_8192_2H                    000000FB
_WDTPS_8_2H                       000000E7
_WDT_OFF_2H                       000000FE
_WDT_ON_2H                        000000FF
_WRT0_OFF_6L                      000000FF
_WRT0_ON_6L                       000000FE
_WRT1_OFF_6L                      000000FF
_WRT1_ON_6L                       000000FD
_WRT2_OFF_6L                      000000FF
_WRT2_ON_6L                       000000FB
_WRT3_OFF_6L                      000000FF
_WRT3_ON_6L                       000000F7
_WRTB_OFF_6H                      000000FF
_WRTB_ON_6H                       000000BF
_WRTC_OFF_6H                      000000FF
_WRTC_ON_6H                       000000DF
_WRTD_OFF_6H                      000000FF
_WRTD_ON_6H                       0000007F
_XINST_OFF_4L                     000000BF
_XINST_ON_4L                      000000FF
__18F4550                         00000001
__DEBUG                           1
ascenso                           00000056
cont                              00000000
MPASM  5.51                  PRACTICA_2_1.ASM   3-1-2023  12:10:33         PAGE 21


SYMBOL TABLE
  LABEL                             VALUE 

corred                            00000038
correi                            0000001E
corrs                             0000001A
dec1                              00000086
inc1                              0000005E
inicio                            0000000E
inve                              000000BA
mem                               00000003
nada                              0000011C
pausa0                            00000010
pausa2                            00000062
pausa3                            000000B6
pausa5                            00000028
pausa6                            00000042
pausa7                            00000072
pausa8                            0000009C
pausa9                            0000010E
rep                               00000002
rest                              00000004
retardo                           00000118
tog                               000000B4
veces                             00000001


MEMORY USAGE MAP ('X' = Used,  '-' = Unused)

0000 : XXXXXXXXXXXXXXXX XXXXXXXXXXXXXXXX XXXXXXXXXXXXXXXX XXXXXXXXXXXXXXXX
0040 : XXXXXXXXXXXXXXXX XXXXXXXXXXXXXXXX XXXXXXXXXXXXXXXX XXXXXXXXXXXXXXXX
0080 : XXXXXXXXXXXXXXXX XXXXXXXXXXXXXXXX XXXXXXXXXXXXXXXX XXXXXXXXXXXXXXXX
00C0 : XXXXXXXXXXXXXXXX XXXXXXXXXXXXXXXX XXXXXXXXXXXXXXXX XXXXXXXXXXXXXXXX
0100 : XXXXXXXXXXXXXXXX XXXXXXXXXXXXXXXX XXXX------------ ----------------
0000 : XXXX-XX-XXXXXX-- ---------------- ---------------- ----------------

All other memory blocks unused.

Program Memory Bytes Used:   304
Program Memory Bytes Free: 32464


Errors   :     0
Warnings :     7 reported,     0 suppressed
Messages :     0 reported,     0 suppressed

