
ROM used: 104 (0%)
          104 (0%) including unused fragments

          0 Average locations per line
          9 Average locations per statement

RAM used: 4 (0%) at main() level
          5 (0%) worst case

Stack used: 1 worst case (out of 31 total available)

Lines Stmts  %   Files
----- ----- ---  -----
   20    11 100  USB.c
  451     0   0  ..\..\..\..\..\..\..\Program Files (x86)\PICC\PICC\devices\18f4550.h
----- -----
  471    11 Total

Page ROM  %  RAM   Vol Diff  Functions:
---- --- --- ---   --- ----  ----------
0     42  20   1             @delay_ms1
0     58  28   0   172  2.6  main

Program metrics:
    Functions               1
    Statements              11
    Comments                113
    Volume (V)              174
    Difficilty (D)          2.5
    Effort to implement (E) 436
    Time to implement (T)   0 minutes
    Est Delivered Bugs (B)  0
    Cyclomatic Complexity   1
    Maintainability (MI)    71

 Segment     Used  Free
-----------  ----  ----
00000-00002     4  0  
00004-07FFE   100  32664  



