MPASM  5.37                         P_4_3.ASM   11-15-2016  9:49:43         PAGE  1


LOC  OBJECT CODE     LINE SOURCE TEXT
  VALUE

                      00001         LIST P=18F4550                             ;directiva para definir el procesador
                      00002 #include <P18F4550.INC> ;definiciones de variables especificas del procesador
                      00001         LIST
                      00002 
                      00003 ;==========================================================================
                      00004 ;  MPASM PIC18F4550 processor include
                      00005 ; 
                      00006 ;  (c) Copyright 1999-2007 Microchip Technology, All rights reserved
                      00007 ;==========================================================================
                      00008 
                      01643         LIST
                      00003 
                      00004 ;******************************************************************************
                      00005 ;Bits de configuración
00 0A 18 1E 01 81 0F C00006     CONFIG FOSC = INTOSC_XT                   ;Oscilador INT usado por el uC , XT usado por el  USB
       0 0F E0 0F 40 
                      00007     CONFIG BOR  = OFF    ;BROWNOUT RESET DESHABILITADO
                      00008     CONFIG PWRT = ON     ;PWR UP Timer habilitado
                      00009     CONFIG WDT  = OFF    ;Temporizador vigia apagado
                      00010     CONFIG MCLRE=OFF    ;Reset apagado
                      00011     CONFIG PBADEN=OFF
                      00012     CONFIG LVP  = OFF
                      00013 ;******************************************************************************
                      00014 ;Definiciones de variables
                      00015         CBLOCK 0x000     ;ejemplo de definición de variables en RAM de acceso
  00000000            00016                 flags
  00000001            00017                 ciclo
  00000002            00018                 cont
  00000003            00019                 selec
  00000004            00020                 tecla
  00000005            00021                 iuniseg    ;índice de unidades
  00000006            00022                 idecseg    ;índice de decenas
  00000007            00023                 iunimin    ;índice de unidades
  00000008            00024                 cunimin    ;código de 7 segmentos de unidades
  00000009            00025                 idecmin    ;índice de decenas
  0000000A            00026                 cdecmin    ;código de 7 segmentos de decenas 
  0000000B            00027                 iunih    ;índice de unidades
  0000000C            00028                 cunih    ;código de 7 segmentos de unidades
  0000000D            00029                 idech    ;índice de decenas
  0000000E            00030                 cdech    ;código de 7 segmentos de decenas 
                      00031         ENDC      ;fin del bloque de constantes
                      00032 ;******************************************************************************
                      00033 ;Reset vector 
000000                00034         ORG 0x0000;Inicio del programa principal
000000 EF0D F000      00035                 goto    inicio2  
000008                00036                 org     0x08            ;vector de interrupcion alta prioridad
000008 D09A           00037                 bra     RSRB
000018                00038                 org             0x18            ;vector de interrupcion baja prioridad
000018 D08C           00039                 bra             RST0    
00001A 9CD3           00040 inicio2 bcf     OSCCON,IRCF2,0
00001C 8AD3           00041                 bsf     OSCCON,IRCF1,0
00001E 98D3           00042                 bcf     OSCCON,IRCF0,0          ;Oscilador interno a125 kHz
000020 0E0F           00043                 movlw   0x0F
MPASM  5.37                         P_4_3.ASM   11-15-2016  9:49:43         PAGE  2


LOC  OBJECT CODE     LINE SOURCE TEXT
  VALUE

000022 6EC1           00044                 movwf   ADCON1,0            ;Puertos Digitales
000024 6A83           00045                 clrf    PORTD,0
000026 6A95           00046                 clrf    TRISD,0             ;Puerto D Configurado como salida
000028 6A92           00047                 clrf    TRISA,0
00002A 6A80           00048                 clrf    PORTA,0
00002C 6A94           00049                 clrf    TRISC,0
00002E 6A82           00050                 clrf    PORTC,0
000030 0EF0           00051                 movlw   0xf0
000032 6E93           00052                 movwf   TRISB,0   ;RC0 y RC1 como salidas
000034 6A81           00053                 clrf    PORTB,0
000036 0EC7           00054                 movlw   0xC7
000038 6ED5           00055                 movwf   T0CON,0
00003A 0EE8           00056                 movlw   0xE8
00003C 6EF2           00057                 movwf   INTCON,0                        ; ACTIVA INTERRUPCION TMR0, INT0, PRIORIDADES
00003E 8ED0           00058                 bsf             RCON,IPEN,0                     ;ACTIVA PRIORIDADES DE INTERRUPCION
000040 80F1           00059                 bsf             INTCON2,RBIP,0
000042 94F1           00060                 bcf             INTCON2,TMR0IP,0        ;TMR0 BAJA PRIORIDAD
000044 0E0A           00061                 movlw   0x0A
000046 6ED6           00062                 movwf   TMR0L
000048 6A03           00063                 clrf    selec,0
00004A 6A00           00064                 clrf    flags,0
00004C 0E04           00065 inicio  movlw   0x04
00004E 6EF6           00066                 movwf   TBLPTRL,0
000050 0E03           00067                 movlw   0x03
000052 6EF7           00068                 movwf   TBLPTRH,0
000054 6AF8           00069                 clrf    TBLPTRU,0               ;tblptr=0x000300
000056 0E04           00070                 movlw   0x04
000058 6E05           00071                 movwf   iuniseg,0
00005A 6E06           00072                 movwf   idecseg,0
00005C 6E07           00073                 movwf   iunimin,0
00005E 6E09           00074                 movwf   idecmin,0
000060 6E0B           00075                 movwf   iunih,0
000062 6E0D           00076                 movwf   idech,0
000064 0E30           00077                 movlw   0x30
000066 6E02           00078                 movwf   cont,0
000068 7282           00079 cod             btg             PORTC,1,0
                      00080                 ;movff  selec,PORTA
00006A C007 FFF6      00081                 movff   iunimin,TBLPTRL 
00006E 0008           00082                 tblrd*   ;lee la tabla sin modificar apuntador
000070 CFF5 F008      00083                 movff   TABLAT,cunimin                         ;cuni tiene código 7 segmentos
000074 C009 FFF6      00084                 movff   idecmin,TBLPTRL                         ;ajusta apuntador
000078 0008           00085                 tblrd*                  ;lee la tabla sin modificar apuntador
00007A CFF5 F00A      00086                 movff   TABLAT,cdecmin
00007E C00B FFF6      00087                 movff   iunih,TBLPTRL 
000082 0008           00088                 tblrd*   ;lee la tabla sin modificar apuntador
000084 CFF5 F00C      00089                 movff   TABLAT,cunih                         ;cuni tiene código 7 segmentos
000088 C00D FFF6      00090                 movff   idech,TBLPTRL                         ;ajusta apuntador
00008C 0008           00091                 tblrd*
00008E CFF5 F00E      00092                 movff   TABLAT,cdech
000092 A200           00093 vis             btfss   flags,1,0
000094 D002           00094                 bra             nom
000096 B400           00095                 btfsc   flags,2,0
000098 D7FC           00096                 bra             vis
MPASM  5.37                         P_4_3.ASM   11-15-2016  9:49:43         PAGE  3


LOC  OBJECT CODE     LINE SOURCE TEXT
  VALUE

00009A 0E0E           00097 nom             movlw   0x0E
00009C 6E80           00098                 movwf   PORTA,0   ;encendemos display unidades
00009E C008 FF83      00099                 movff   cunimin,PORTD
0000A2 EC8F F000      00100                 call    retardo
0000A6 0E0D           00101                 movlw   0x0D
0000A8 6E80           00102                 movwf   PORTA,0                                ;encendemos display decenas
0000AA C00A FF83      00103                 movff   cdecmin,PORTD
0000AE EC8F F000      00104                 call    retardo
0000B2 0E0B           00105                 movlw   0x0B
0000B4 6E80           00106                 movwf   PORTA,0   ;encendemos display unidades
0000B6 C00C FF83      00107                 movff   cunih,PORTD
0000BA EC8F F000      00108                 call    retardo
0000BE 0E07           00109                 movlw   0x07
0000C0 6E80           00110                 movwf   PORTA,0                                ;encendemos display decenas
0000C2 C00E FF83      00111                 movff   cdech,PORTD
0000C6 EC8F F000      00112                 call    retardo
0000CA A000           00113                 btfss   flags,0,0
0000CC D7E2           00114                 bra     vis
0000CE 9000           00115                 bcf             flags,0,0
0000D0 2A05           00116 lim             incf    iuniseg
0000D2 0E0D           00117                 movlw   0x0D
0000D4 6405           00118                 cpfsgt  iuniseg
0000D6 D7C8           00119                 bra             cod
0000D8 2A06           00120                 incf    idecseg
0000DA 0E04           00121                 movlw   0x04
0000DC 6E05           00122                 movwf   iuniseg,0
0000DE 0E09           00123                 movlw   0x09
0000E0 6406           00124                 cpfsgt  idecseg
0000E2 D7C2           00125                 bra             cod
0000E4 2A07           00126                 incf    iunimin
0000E6 0E04           00127                 movlw   0x04
0000E8 6E06           00128                 movwf   idecseg,0
0000EA 0E0D           00129                 movlw   0x0D
0000EC 6407           00130                 cpfsgt  iunimin
0000EE D7BC           00131                 bra             cod
0000F0 2A09           00132                 incf    idecmin
0000F2 0E04           00133                 movlw   0x04
0000F4 6E07           00134                 movwf   iunimin,0
0000F6 0E09           00135                 movlw   0x09
0000F8 6409           00136                 cpfsgt  idecmin
0000FA D7B6           00137                 bra             cod
0000FC 2A0B           00138                 incf    iunih
0000FE 0E04           00139                 movlw   0x04
000100 6E09           00140                 movwf   idecmin,0
000102 0E06           00141                 movlw   0x06
000104 600D           00142                 cpfslt  idech
000106 D007           00143                 bra             dos
000108 0E0D           00144                 movlw   0x0D
00010A 640B           00145                 cpfsgt  iunih
00010C D7AD           00146                 bra             cod
00010E 2A0D           00147                 incf    idech
000110 0E04           00148                 movlw   0x04
000112 6E0B           00149                 movwf   iunih,0
MPASM  5.37                         P_4_3.ASM   11-15-2016  9:49:43         PAGE  4


LOC  OBJECT CODE     LINE SOURCE TEXT
  VALUE

000114 D7A9           00150                 bra             cod
000116 0E07           00151 dos             movlw   0x07
000118 640B           00152                 cpfsgt  iunih
00011A D7A6           00153                 bra             cod
00011C D797           00154                 bra             inicio
                      00155 ;******************************************************************************
00011E                00156 retardo ;setf   cont,0  
00011E 0000           00157 nada    nop
000120 2E02           00158                 decfsz  cont,F,0
000122 D7FD           00159                 bra     nada
000124 0E30           00160                 movlw   0x30
000126 6E02           00161                 movwf   cont,0
000128 0012           00162                 return
                      00163 ;*******************************************************
00012A A000           00164 espera  btfss   flags,0,0
00012C D7FE           00165                 bra             espera
00012E 9000           00166                 bcf             flags,0,0
000130 0012           00167             return
                      00168 ;****************************************************************
000132 94F2           00169 RST0    bcf             INTCON,TMR0IF,0
                      00170                 ;movlw  d'194'
000134 0E0A           00171                 movlw   0x0A
000136 6ED6           00172                 movwf   TMR0L
000138 8000           00173                 bsf     flags,0,0 ;monitor de un 1s
00013A 7400           00174                 btg             flags,2,0
00013C 0010           00175                 retfie
                      00176 
                      00177 ;******************************************************************************
00013E EC56 F001      00178 RSRB    call    KBD   ;Llamamos rutina del teclado
000142 90F2           00179                 bcf     INTCON,RBIF,0  ;LIMPIAMOS BANDERA
000144 6E04           00180                 movwf   tecla,0   ;guardamos tecla pulsada
000146 0E0E           00181                 movlw   0x0E
000148 6004           00182                 cpfslt  tecla,0                               ;salta si es que se pulso una tecla entre 
                            0 y 9
00014A D065           00183                 bra     op
00014C 0E00           00184                 movlw   0x00 
00014E 6403           00185                 cpfsgt  selec,0
000150 D0AB           00186                 bra             exit
000152 0E01           00187                 movlw   0x01 
000154 6203           00188                 cpfseq  selec,0
000156 D00C           00189                 bra             dmin
000158 C004 F007      00190                 movff   tecla,iunimin                          ;carga número de tecla pulsada en decenas
00015C C007 FFF6      00191                 movff   iunimin,TBLPTRL
000160 0008           00192         tblrd*   ;lee
000162 CFF5 F008      00193                 movff   TABLAT,cunimin                        ;cdec tiene código 7 segmentos
000166 0E02           00194                 movlw   0x02
000168 6E03           00195                 movwf   selec,0
00016A EC8F F000      00196                 call    retardo
00016E D09C           00197                 bra     exit
000170 0E02           00198 dmin    movlw   0x02 
000172 6203           00199                 cpfseq  selec,0
000174 D013           00200                 bra             uh
000176 C007 F009      00201                 movff   iunimin,idecmin                          ;carga número de tecla pulsada en decen
MPASM  5.37                         P_4_3.ASM   11-15-2016  9:49:43         PAGE  5


LOC  OBJECT CODE     LINE SOURCE TEXT
  VALUE

                            as
00017A C009 FFF6      00202                 movff   idecmin,TBLPTRL
00017E 0008           00203         tblrd*   ;lee
000180 CFF5 F00A      00204                 movff   TABLAT,cdecmin                        ;cdec tiene código 7 segmentos
000184 C004 F007      00205                 movff   tecla,iunimin                          ;carga número de tecla pulsada en decenas
000188 C007 FFF6      00206                 movff   iunimin,TBLPTRL
00018C 0008           00207         tblrd*   ;lee
00018E CFF5 F008      00208                 movff   TABLAT,cunimin 
000192 0E03           00209                 movlw   0x03
000194 6E03           00210                 movwf   selec,0
000196 EC8F F000      00211                 call    retardo
00019A D086           00212                 bra             exit
00019C 0E03           00213 uh              movlw   0x03 
00019E 6203           00214                 cpfseq  selec,0
0001A0 D01A           00215                 bra             dh
0001A2 C009 F00B      00216                 movff   idecmin,iunih                          ;carga número de tecla pulsada en decenas
0001A6 C00B FFF6      00217                 movff   iunih,TBLPTRL
0001AA 0008           00218         tblrd*   ;lee
0001AC CFF5 F00C      00219                 movff   TABLAT,cunih
0001B0 C007 F009      00220                 movff   iunimin,idecmin                          ;carga número de tecla pulsada en decen
                            as
0001B4 C009 FFF6      00221                 movff   idecmin,TBLPTRL
0001B8 0008           00222         tblrd*   ;lee
0001BA CFF5 F00A      00223                 movff   TABLAT,cdecmin                        ;cdec tiene código 7 segmentos
0001BE C004 F007      00224                 movff   tecla,iunimin                          ;carga número de tecla pulsada en decenas
0001C2 C007 FFF6      00225                 movff   iunimin,TBLPTRL
0001C6 0008           00226         tblrd*   ;lee
0001C8 CFF5 F008      00227                 movff   TABLAT,cunimin 
0001CC 0E04           00228                 movlw   0x04
0001CE 6E03           00229                 movwf   selec,0
0001D0 EC8F F000      00230                 call    retardo
0001D4 D069           00231                 bra             exit
0001D6 C00B F00D      00232 dh              movff   iunih,idech                          ;carga número de tecla pulsada en decenas
0001DA C00D FFF6      00233                 movff   idech,TBLPTRL
0001DE 0008           00234         tblrd*   ;lee
0001E0 CFF5 F00E      00235                 movff   TABLAT,cdech
0001E4 C009 F00B      00236                 movff   idecmin,iunih                          ;carga número de tecla pulsada en decenas
0001E8 C00B FFF6      00237                 movff   iunih,TBLPTRL
0001EC 0008           00238         tblrd*   ;lee
0001EE CFF5 F00C      00239                 movff   TABLAT,cunih
0001F2 C007 F009      00240                 movff   iunimin,idecmin                          ;carga número de tecla pulsada en decen
                            as
0001F6 C009 FFF6      00241                 movff   idecmin,TBLPTRL
0001FA 0008           00242         tblrd*   ;lee
0001FC CFF5 F00A      00243                 movff   TABLAT,cdecmin                        ;cdec tiene código 7 segmentos
000200 C004 F007      00244                 movff   tecla,iunimin                          ;carga número de tecla pulsada en decenas
000204 C007 FFF6      00245                 movff   iunimin,TBLPTRL
000208 0008           00246         tblrd*   ;lee
00020A CFF5 F008      00247                 movff   TABLAT,cunimin
00020E 0E01           00248                 movlw   0x01
000210 6E03           00249                 movwf   selec,0 
000212 EC8F F000      00250                 call    retardo
000216 0E0E           00251 op              movlw   0x0E 
MPASM  5.37                         P_4_3.ASM   11-15-2016  9:49:43         PAGE  6


LOC  OBJECT CODE     LINE SOURCE TEXT
  VALUE

000218 6204           00252                 cpfseq  tecla,0
00021A D004           00253                 bra     op1
00021C 0E01           00254                 movlw   0x01
00021E 6E03           00255                 movwf   selec,0
000220 8200           00256                 bsf     flags,1,0
000222 D042           00257                 bra             exit
000224 0E0F           00258 op1             movlw   0x0F 
000226 6204           00259                 cpfseq  tecla,0
000228 D03E           00260                 bra     op2
00022A 0E00           00261                 movlw   0x00
00022C 6E03           00262                 movwf   selec,0
00022E 9200           00263                 bcf     flags,1,0
000230 0E0D           00264                 movlw   0x0D 
000232 6407           00265                 cpfsgt  iunimin,0
000234 D007           00266                 bra             ldm
000236 0E0D           00267                 movlw   0x0D
000238 6E07           00268                 movwf   iunimin,0
00023A C007 FFF6      00269                 movff   iunimin,TBLPTRL
00023E 0008           00270         tblrd*   ;lee
000240 CFF5 F008      00271                 movff   TABLAT,cunimin
000244 0E09           00272 ldm             movlw   0x09 
000246 6409           00273                 cpfsgt  idecmin,0
000248 D007           00274                 bra             h0
00024A 0E09           00275                 movlw   0x09
00024C 6E09           00276                 movwf   idecmin,0
00024E C009 FFF6      00277                 movff   idecmin,TBLPTRL
000252 0008           00278         tblrd*   ;lee
000254 CFF5 F00A      00279                 movff   TABLAT,cdecmin
000258 0E05           00280 h0              movlw   0x05 
00025A 640D           00281                 cpfsgt  idech,0
00025C D019           00282                 bra             h1
00025E 0E06           00283                 movlw   0x06
000260 6E0D           00284                 movwf   idech,0
000262 C00D FFF6      00285                 movff   idech,TBLPTRL
000266 0008           00286         tblrd*   ;lee
000268 CFF5 F00E      00287                 movff   TABLAT,cdech
00026C 0E07           00288                 movlw   0x07 
00026E 640B           00289                 cpfsgt  iunih,0
000270 D01B           00290                 bra             exit
000272 0E07           00291                 movlw   0x07
000274 6E0B           00292                 movwf   iunih,0
000276 C00B FFF6      00293                 movff   iunih,TBLPTRL
00027A 0008           00294         tblrd*   ;lee
00027C CFF5 F00C      00295                 movff   TABLAT,cunih
000280 0E06           00296                 movlw   0x06
000282 6E0D           00297                 movwf   idech,0
000284 C00D FFF6      00298                 movff   idech,TBLPTRL
000288 0008           00299         tblrd*   ;lee
00028A CFF5 F00E      00300                 movff   TABLAT,cdech
00028E D00C           00301                 bra     exit
000290 0E0D           00302 h1              movlw   0x0D 
000292 640B           00303                 cpfsgt  iunih,0
000294 D009           00304                 bra             exit
MPASM  5.37                         P_4_3.ASM   11-15-2016  9:49:43         PAGE  7


LOC  OBJECT CODE     LINE SOURCE TEXT
  VALUE

000296 0E0D           00305                 movlw   0x0D
000298 6E0B           00306                 movwf   iunih,0
00029A C00B FFF6      00307                 movff   iunih,TBLPTRL
00029E 0008           00308         tblrd*   ;lee
0002A0 CFF5 F00C      00309                 movff   TABLAT,cunih
0002A4 D001           00310                 bra             exit
0002A6                00311 op2
0002A6 D000           00312                 bra             exit
0002A8 6A81           00313 exit    clrf    PORTB,0
0002AA 0010           00314                 retfie
                      00315 ;********************************************************************
0002AC 0E0E           00316 KBD     movlw   0x0e
0002AE 6E81           00317                 movwf   PORTB,0   ;activamos primer renglón
0002B0 A881           00318                 btfss   PORTB,4,0
0002B2 0C0E           00319                 retlw   0x0E   ;tecla A
0002B4 AA81           00320                 btfss   PORTB,5,0
0002B6 0C07           00321                 retlw   0x07   ;tecla 3
0002B8 AC81           00322                 btfss   PORTB,6,0          
0002BA 0C06           00323         retlw   0x06   ;tecla 2
0002BC AE81           00324                 btfss   PORTB,7,0          
0002BE 0C05           00325         retlw   0x05   ;tecla 1
0002C0 0E0D           00326                 movlw   0x0D
0002C2 6E81           00327                 movwf   PORTB,0   ;activamos segundo renglón
0002C4 A881           00328                 btfss   PORTB,4,0
0002C6 0C0F           00329                 retlw   0x0F   ;tecla B
0002C8 AA81           00330                 btfss   PORTB,5,0
0002CA 0C0A           00331                 retlw   0x0A   ;tecla 6
0002CC AC81           00332                 btfss   PORTB,6,0          
0002CE 0C09           00333         retlw   0x09   ;tecla 5
0002D0 AE81           00334         btfss   PORTB,7,0          
0002D2 0C08           00335         retlw   0x08   ;tecla 4
0002D4 0E0B           00336         movlw   0x0B
0002D6 6E81           00337                 movwf   PORTB,0   ;activamos tercer renglón
0002D8 A881           00338                 btfss   PORTB,4,0
0002DA 0C10           00339                 retlw   0x10   ;tecla C
0002DC AA81           00340                 btfss   PORTB,5,0
0002DE 0C0D           00341                 retlw   0x0D   ;tecla 9
0002E0 AC81           00342                 btfss   PORTB,6,0          
0002E2 0C0C           00343         retlw   0x0C   ;tecla 8
0002E4 AE81           00344                 btfss   PORTB,7,0          
0002E6 0C0B           00345         retlw   0x0B    ;TECLA 7
0002E8 0E07           00346                 movlw   0x07
0002EA 6E81           00347                 movwf   PORTB,0   ;activamos cuarto renglón
0002EC A881           00348                 btfss   PORTB,4,0
0002EE 0C07           00349                 retlw   0x07   ;tecla D kuyyyy
0002F0 AA81           00350                 btfss   PORTB,5,0
0002F2 0C08           00351                 retlw   0x08   ;tecla #
0002F4 AC81           00352                 btfss   PORTB,6,0          
0002F6 0C04           00353         retlw   0x04  ;tecla 0
0002F8 AE81           00354                 btfss   PORTB,7,0          
0002FA 0C04           00355         retlw   0x04   ;tecla *  
0002FC 0CFF           00356                 retlw   0xFF                                 ;ninguna tecla pulsada
                      00357 ;******************************************************************************
MPASM  5.37                         P_4_3.ASM   11-15-2016  9:49:43         PAGE  8


LOC  OBJECT CODE     LINE SOURCE TEXT
  VALUE

                      00358 
                      00359 
000304                00360                 org     0x304                   ;DB directiva que Define Byte             
000304 F9C0 B0A4 9299 00361         DB      0xC0,0XF9,0XA4,0XB0,0X99,0X92,0X82,0XF8,0X80,0X98,0x39,0x5E,0x79,0x71   ;código del F
       F882 9880 5E39 
       7179 
                      00362 
                      00363 
                      00364             END
MPASM  5.37                         P_4_3.ASM   11-15-2016  9:49:43         PAGE  9


SYMBOL TABLE
  LABEL                             VALUE 

A                                 00000000
ABDEN                             00000000
ABDOVF                            00000007
ACCESS                            00000000
ACKDT                             00000005
ACKEN                             00000004
ACKSTAT                           00000006
ACQT0                             00000003
ACQT1                             00000004
ACQT2                             00000005
ACTVIE                            00000002
ACTVIF                            00000002
ADCON0                            00000FC2
ADCON1                            00000FC1
ADCON2                            00000FC0
ADCS0                             00000000
ADCS1                             00000001
ADCS2                             00000002
ADDEN                             00000003
ADDR0                             00000000
ADDR1                             00000001
ADDR2                             00000002
ADDR3                             00000003
ADDR4                             00000004
ADDR5                             00000005
ADDR6                             00000006
ADEN                              00000003
ADFM                              00000007
ADIE                              00000006
ADIF                              00000006
ADIP                              00000006
ADON                              00000000
ADRES                             00000FC3
ADRESH                            00000FC4
ADRESL                            00000FC3
AN0                               00000000
AN1                               00000001
AN2                               00000002
AN3                               00000003
AN4                               00000005
BANKED                            00000001
BAUDCON                           00000FB8
BCLIE                             00000003
BCLIF                             00000003
BCLIP                             00000003
BF                                00000000
BGST                              00000005
BOR                               00000000
BRG16                             00000003
BRGH                              00000002
BSR                               00000FE0
BTOEE                             00000004
BTOEF                             00000004
MPASM  5.37                         P_4_3.ASM   11-15-2016  9:49:43         PAGE 10


SYMBOL TABLE
  LABEL                             VALUE 

BTSEE                             00000007
BTSEF                             00000007
C                                 00000000
C1INV                             00000004
C1OUT                             00000006
C2INV                             00000005
C2OUT                             00000007
CCP1                              00000002
CCP1AS                            00000FB6
CCP1CON                           00000FBD
CCP1DEL                           00000FB7
CCP1IE                            00000002
CCP1IF                            00000002
CCP1IP                            00000002
CCP1M0                            00000000
CCP1M1                            00000001
CCP1M2                            00000002
CCP1M3                            00000003
CCP2CON                           00000FBA
CCP2IE                            00000000
CCP2IF                            00000000
CCP2IP                            00000000
CCP2M0                            00000000
CCP2M1                            00000001
CCP2M2                            00000002
CCP2M3                            00000003
CCPR1                             00000FBE
CCPR1H                            00000FBF
CCPR1L                            00000FBE
CCPR2                             00000FBB
CCPR2H                            00000FBC
CCPR2L                            00000FBB
CFGS                              00000006
CHS0                              00000002
CHS1                              00000003
CHS2                              00000004
CHS3                              00000005
CIS                               00000003
CK                                00000006
CK1SPP                            00000000
CK2SPP                            00000001
CKE                               00000006
CKP                               00000004
CLK1EN                            00000004
CLKCFG0                           00000006
CLKCFG1                           00000007
CM0                               00000000
CM1                               00000001
CM2                               00000002
CMCON                             00000FB4
CMIE                              00000006
CMIF                              00000006
CMIP                              00000006
MPASM  5.37                         P_4_3.ASM   11-15-2016  9:49:43         PAGE 11


SYMBOL TABLE
  LABEL                             VALUE 

CRC16EE                           00000002
CRC16EF                           00000002
CRC5EE                            00000001
CRC5EF                            00000001
CREN                              00000004
CSEN                              00000005
CSRC                              00000007
CVR0                              00000000
CVR1                              00000001
CVR2                              00000002
CVR3                              00000003
CVRCON                            00000FB5
CVREF                             00000004
CVREN                             00000007
CVROE                             00000006
CVRR                              00000005
CVRSS                             00000004
D                                 00000005
DATA_ADDRESS                      00000005
DC                                00000001
DC1B0                             00000004
DC1B1                             00000005
DC2B0                             00000004
DC2B1                             00000005
DDRA                              TRISA
DDRB                              TRISB
DDRC                              TRISC
DDRD                              TRISD
DDRE                              TRISE
DFN8EE                            00000003
DFN8EF                            00000003
DIR                               00000002
DONE                              00000001
D_A                               00000005
ECCP1AS                           00000FB6
ECCP1CON                          00000FBD
ECCP1DEL                          00000FB7
ECCPAS0                           00000004
ECCPAS1                           00000005
ECCPAS2                           00000006
ECCPASE                           00000007
EEADR                             00000FA9
EECON1                            00000FA6
EECON2                            00000FA7
EEDATA                            00000FA8
EEIE                              00000004
EEIF                              00000004
EEIP                              00000004
EEPGD                             00000007
ENDP0                             00000003
ENDP1                             00000004
ENDP2                             00000005
ENDP3                             00000006
MPASM  5.37                         P_4_3.ASM   11-15-2016  9:49:43         PAGE 12


SYMBOL TABLE
  LABEL                             VALUE 

EPCONDIS                          00000003
EPHSHK                            00000004
EPINEN                            00000001
EPOUTEN                           00000002
EPSTALL                           00000000
FAST                              00000001
FERR                              00000002
FLTS                              00000002
FREE                              00000004
FRM0                              00000000
FRM1                              00000001
FRM10                             00000002
FRM2                              00000002
FRM3                              00000003
FRM4                              00000004
FRM5                              00000005
FRM6                              00000006
FRM7                              00000007
FRM8                              00000000
FRM9                              00000001
FSEN                              00000002
FSR0                              00000000
FSR0H                             00000FEA
FSR0L                             00000FE9
FSR1                              00000001
FSR1H                             00000FE2
FSR1L                             00000FE1
FSR2                              00000002
FSR2H                             00000FDA
FSR2L                             00000FD9
GCEN                              00000007
GIE                               00000007
GIEH                              00000007
GIEL                              00000006
GO                                00000001
GO_DONE                           00000001
HLVDCON                           00000FD2
HLVDEN                            00000004
HLVDIE                            00000002
HLVDIF                            00000002
HLVDIN                            00000005
HLVDIP                            00000002
HLVDL0                            00000000
HLVDL1                            00000001
HLVDL2                            00000002
HLVDL3                            00000003
I2C_DAT                           00000005
I2C_READ                          00000002
I2C_START                         00000003
I2C_STOP                          00000004
IDLEIE                            00000004
IDLEIF                            00000004
IDLEN                             00000007
MPASM  5.37                         P_4_3.ASM   11-15-2016  9:49:43         PAGE 13


SYMBOL TABLE
  LABEL                             VALUE 

INDF0                             00000FEF
INDF1                             00000FE7
INDF2                             00000FDF
INT0                              00000000
INT0E                             00000004
INT0F                             00000001
INT0IE                            00000004
INT0IF                            00000001
INT1                              00000001
INT1E                             00000003
INT1F                             00000000
INT1IE                            00000003
INT1IF                            00000000
INT1IP                            00000006
INT1P                             00000006
INT2                              00000002
INT2E                             00000004
INT2F                             00000001
INT2IE                            00000004
INT2IF                            00000001
INT2IP                            00000007
INT2P                             00000007
INTCON                            00000FF2
INTCON2                           00000FF1
INTCON3                           00000FF0
INTEDG0                           00000006
INTEDG1                           00000005
INTEDG2                           00000004
INTSRC                            00000007
IOFS                              00000002
IPEN                              00000007
IPR1                              00000F9F
IPR2                              00000FA2
IRCF0                             00000004
IRCF1                             00000005
IRCF2                             00000006
IRVST                             00000005
IVRST                             00000005
KBD                               000002AC
LATA                              00000F89
LATA0                             00000000
LATA1                             00000001
LATA2                             00000002
LATA3                             00000003
LATA4                             00000004
LATA5                             00000005
LATA6                             00000006
LATB                              00000F8A
LATB0                             00000000
LATB1                             00000001
LATB2                             00000002
LATB3                             00000003
LATB4                             00000004
MPASM  5.37                         P_4_3.ASM   11-15-2016  9:49:43         PAGE 14


SYMBOL TABLE
  LABEL                             VALUE 

LATB5                             00000005
LATB6                             00000006
LATB7                             00000007
LATC                              00000F8B
LATC0                             00000000
LATC1                             00000001
LATC2                             00000002
LATC6                             00000006
LATC7                             00000007
LATD                              00000F8C
LATD0                             00000000
LATD1                             00000001
LATD2                             00000002
LATD3                             00000003
LATD4                             00000004
LATD5                             00000005
LATD6                             00000006
LATD7                             00000007
LATE                              00000F8D
LATE0                             00000000
LATE1                             00000001
LATE2                             00000002
LVDCON                            00000FD2
LVDEN                             00000004
LVDIE                             00000002
LVDIF                             00000002
LVDIN                             00000005
LVDIP                             00000002
LVDL0                             00000000
LVDL1                             00000001
LVDL2                             00000002
LVDL3                             00000003
LVV0                              00000000
LVV1                              00000001
LVV2                              00000002
LVV3                              00000003
N                                 00000004
NOT_A                             00000005
NOT_ADDRESS                       00000005
NOT_BOR                           00000000
NOT_DONE                          00000001
NOT_IPEN                          00000007
NOT_PD                            00000002
NOT_POR                           00000001
NOT_RBPU                          00000007
NOT_RI                            00000004
NOT_T1SYNC                        00000002
NOT_T3SYNC                        00000002
NOT_TO                            00000003
NOT_W                             00000002
NOT_WRITE                         00000002
OERR                              00000001
OESPP                             00000002
MPASM  5.37                         P_4_3.ASM   11-15-2016  9:49:43         PAGE 15


SYMBOL TABLE
  LABEL                             VALUE 

OSC2                              00000006
OSCCON                            00000FD3
OSCFIE                            00000007
OSCFIF                            00000007
OSCFIP                            00000007
OSCTUNE                           00000F9B
OSTS                              00000003
OV                                00000003
P                                 00000004
P1A                               00000002
P1M0                              00000006
P1M1                              00000007
PC                                00000FF9
PCFG0                             00000000
PCFG1                             00000001
PCFG2                             00000002
PCFG3                             00000003
PCL                               00000FF9
PCLATH                            00000FFA
PCLATU                            00000FFB
PD                                00000002
PDC0                              00000000
PDC1                              00000001
PDC2                              00000002
PDC3                              00000003
PDC4                              00000004
PDC5                              00000005
PDC6                              00000006
PEIE                              00000006
PEN                               00000002
PGC                               00000006
PGD                               00000007
PGM                               00000005
PIDEE                             00000000
PIDEF                             00000000
PIE1                              00000F9D
PIE2                              00000FA0
PIR1                              00000F9E
PIR2                              00000FA1
PKTDIS                            00000004
PLUSW0                            00000FEB
PLUSW1                            00000FE3
PLUSW2                            00000FDB
POR                               00000001
PORTA                             00000F80
PORTB                             00000F81
PORTC                             00000F82
PORTD                             00000F83
PORTE                             00000F84
POSTDEC0                          00000FED
POSTDEC1                          00000FE5
POSTDEC2                          00000FDD
POSTINC0                          00000FEE
MPASM  5.37                         P_4_3.ASM   11-15-2016  9:49:43         PAGE 16


SYMBOL TABLE
  LABEL                             VALUE 

POSTINC1                          00000FE6
POSTINC2                          00000FDE
PPB0                              00000000
PPB1                              00000001
PPBI                              00000001
PPBRST                            00000006
PR2                               00000FCB
PREINC0                           00000FEC
PREINC1                           00000FE4
PREINC2                           00000FDC
PROD                              00000FF3
PRODH                             00000FF4
PRODL                             00000FF3
PRSEN                             00000007
PSA                               00000003
PSSAC0                            00000002
PSSAC1                            00000003
PSSBD0                            00000000
PSSBD1                            00000001
R                                 00000002
RA0                               00000000
RA1                               00000001
RA2                               00000002
RA3                               00000003
RA4                               00000004
RA5                               00000005
RA6                               00000006
RB0                               00000000
RB1                               00000001
RB2                               00000002
RB3                               00000003
RB4                               00000004
RB5                               00000005
RB6                               00000006
RB7                               00000007
RBIE                              00000003
RBIF                              00000000
RBIP                              00000000
RBPU                              00000007
RC0                               00000000
RC1                               00000001
RC2                               00000002
RC4                               00000004
RC5                               00000005
RC6                               00000006
RC7                               00000007
RCEN                              00000003
RCIDL                             00000006
RCIE                              00000005
RCIF                              00000005
RCIP                              00000005
RCMT                              00000006
RCON                              00000FD0
MPASM  5.37                         P_4_3.ASM   11-15-2016  9:49:43         PAGE 17


SYMBOL TABLE
  LABEL                             VALUE 

RCREG                             00000FAE
RCSTA                             00000FAB
RD                                00000000
RD0                               00000000
RD1                               00000001
RD16                              00000007
RD2                               00000002
RD3                               00000003
RD4                               00000004
RD5                               00000005
RD6                               00000006
RD7                               00000007
RDPU                              00000007
RDSPP                             00000007
RE0                               00000000
RE1                               00000001
RE2                               00000002
RE3                               00000003
READ_WRITE                        00000002
RESUME                            00000002
RI                                00000004
RSEN                              00000001
RSRB                              0000013E
RST0                              00000132
RX                                00000007
RX9                               00000006
RX9D                              00000000
RXDTP                             00000005
R_W                               00000002
S                                 00000003
SBOREN                            00000006
SCKP                              00000004
SCS0                              00000000
SCS1                              00000001
SE0                               00000005
SEN                               00000000
SENDB                             00000003
SMP                               00000007
SOFIE                             00000006
SOFIF                             00000006
SPBRG                             00000FAF
SPBRGH                            00000FB0
SPEN                              00000007
SPP0                              00000000
SPP1                              00000001
SPP2                              00000002
SPP3                              00000003
SPP4                              00000004
SPP5                              00000005
SPP6                              00000006
SPP7                              00000007
SPPBUSY                           00000004
SPPCFG                            00000F63
MPASM  5.37                         P_4_3.ASM   11-15-2016  9:49:43         PAGE 18


SYMBOL TABLE
  LABEL                             VALUE 

SPPCON                            00000F65
SPPDATA                           00000F62
SPPEN                             00000000
SPPEPS                            00000F64
SPPIE                             00000007
SPPIF                             00000007
SPPIP                             00000007
SPPOWN                            00000001
SREN                              00000005
SSPADD                            00000FC8
SSPBUF                            00000FC9
SSPCON1                           00000FC6
SSPCON2                           00000FC5
SSPEN                             00000005
SSPIE                             00000003
SSPIF                             00000003
SSPIP                             00000003
SSPM0                             00000000
SSPM1                             00000001
SSPM2                             00000002
SSPM3                             00000003
SSPOV                             00000006
SSPSTAT                           00000FC7
STALLIE                           00000005
STALLIF                           00000005
STATUS                            00000FD8
STKFUL                            00000007
STKPTR                            00000FFC
STKPTR0                           00000000
STKPTR1                           00000001
STKPTR2                           00000002
STKPTR3                           00000003
STKPTR4                           00000004
STKUNF                            00000006
SUSPND                            00000001
SWDTE                             00000000
SWDTEN                            00000000
SYNC                              00000004
T08BIT                            00000006
T0CKI                             00000004
T0CON                             00000FD5
T0CS                              00000005
T0IE                              00000005
T0IF                              00000002
T0IP                              00000002
T0PS0                             00000000
T0PS1                             00000001
T0PS2                             00000002
T0SE                              00000004
T13CKI                            00000000
T1CKPS0                           00000004
T1CKPS1                           00000005
T1CON                             00000FCD
MPASM  5.37                         P_4_3.ASM   11-15-2016  9:49:43         PAGE 19


SYMBOL TABLE
  LABEL                             VALUE 

T1OSCEN                           00000003
T1OSI                             00000001
T1OSO                             00000000
T1RUN                             00000006
T1SYNC                            00000002
T2CKPS0                           00000000
T2CKPS1                           00000001
T2CON                             00000FCA
T2OUTPS0                          00000003
T2OUTPS1                          00000004
T2OUTPS2                          00000005
T2OUTPS3                          00000006
T3CCP1                            00000003
T3CCP2                            00000006
T3CKPS0                           00000004
T3CKPS1                           00000005
T3CON                             00000FB1
T3NSYNC                           00000002
T3SYNC                            00000002
TABLAT                            00000FF5
TBLPTR                            00000FF6
TBLPTRH                           00000FF7
TBLPTRL                           00000FF6
TBLPTRU                           00000FF8
TMR0H                             00000FD7
TMR0IE                            00000005
TMR0IF                            00000002
TMR0IP                            00000002
TMR0L                             00000FD6
TMR0ON                            00000007
TMR1CS                            00000001
TMR1H                             00000FCF
TMR1IE                            00000000
TMR1IF                            00000000
TMR1IP                            00000000
TMR1L                             00000FCE
TMR1ON                            00000000
TMR2                              00000FCC
TMR2IE                            00000001
TMR2IF                            00000001
TMR2IP                            00000001
TMR2ON                            00000002
TMR3CS                            00000001
TMR3H                             00000FB3
TMR3IE                            00000001
TMR3IF                            00000001
TMR3IP                            00000001
TMR3L                             00000FB2
TMR3ON                            00000000
TO                                00000003
TOS                               00000FFD
TOSH                              00000FFE
TOSL                              00000FFD
MPASM  5.37                         P_4_3.ASM   11-15-2016  9:49:43         PAGE 20


SYMBOL TABLE
  LABEL                             VALUE 

TOSU                              00000FFF
TRISA                             00000F92
TRISA0                            00000000
TRISA1                            00000001
TRISA2                            00000002
TRISA3                            00000003
TRISA4                            00000004
TRISA5                            00000005
TRISA6                            00000006
TRISB                             00000F93
TRISB0                            00000000
TRISB1                            00000001
TRISB2                            00000002
TRISB3                            00000003
TRISB4                            00000004
TRISB5                            00000005
TRISB6                            00000006
TRISB7                            00000007
TRISC                             00000F94
TRISC0                            00000000
TRISC1                            00000001
TRISC2                            00000002
TRISC6                            00000006
TRISC7                            00000007
TRISD                             00000F95
TRISD0                            00000000
TRISD1                            00000001
TRISD2                            00000002
TRISD3                            00000003
TRISD4                            00000004
TRISD5                            00000005
TRISD6                            00000006
TRISD7                            00000007
TRISE                             00000F96
TRISE0                            00000000
TRISE1                            00000001
TRISE2                            00000002
TRMT                              00000001
TRNIE                             00000003
TRNIF                             00000003
TUN0                              00000000
TUN1                              00000001
TUN2                              00000002
TUN3                              00000003
TUN4                              00000004
TX                                00000006
TX9                               00000006
TX9D                              00000000
TXCKP                             00000004
TXEN                              00000005
TXIE                              00000004
TXIF                              00000004
TXIP                              00000004
MPASM  5.37                         P_4_3.ASM   11-15-2016  9:49:43         PAGE 21


SYMBOL TABLE
  LABEL                             VALUE 

TXREG                             00000FAD
TXSTA                             00000FAC
UA                                00000001
UADDR                             00000F6E
UCFG                              00000F6F
UCON                              00000F6D
UEIE                              00000F6B
UEIR                              00000F6A
UEP0                              00000F70
UEP1                              00000F71
UEP10                             00000F7A
UEP11                             00000F7B
UEP12                             00000F7C
UEP13                             00000F7D
UEP14                             00000F7E
UEP15                             00000F7F
UEP2                              00000F72
UEP3                              00000F73
UEP4                              00000F74
UEP5                              00000F75
UEP6                              00000F76
UEP7                              00000F77
UEP8                              00000F78
UEP9                              00000F79
UERRIE                            00000001
UERRIF                            00000001
UFRM                              00000F66
UFRMH                             00000F67
UFRML                             00000F66
UIE                               00000F69
UIR                               00000F68
UOEMON                            00000006
UPUEN                             00000004
URSTIE                            00000000
URSTIF                            00000000
USBEN                             00000003
USBIE                             00000005
USBIF                             00000005
USBIP                             00000005
USTAT                             00000F6C
UTEYE                             00000007
UTRDIS                            00000003
VCFG0                             00000004
VCFG1                             00000005
VDIRMAG                           00000007
VREFM                             00000002
VREFP                             00000003
W                                 00000000
WCOL                              00000007
WDTCON                            00000FD1
WR                                00000001
WREG                              00000FE8
WREN                              00000002
MPASM  5.37                         P_4_3.ASM   11-15-2016  9:49:43         PAGE 22


SYMBOL TABLE
  LABEL                             VALUE 

WRERR                             00000003
WRSPP                             00000006
WS0                               00000000
WS1                               00000001
WS2                               00000002
WS3                               00000003
WUE                               00000001
Z                                 00000002
_BORV_0_2L                        000000E7
_BORV_1_2L                        000000EF
_BORV_2_2L                        000000F7
_BORV_3_2L                        000000FF
_BOR_OFF_2L                       000000F9
_BOR_ON_2L                        000000FF
_BOR_ON_ACTIVE_2L                 000000FD
_BOR_SOFT_2L                      000000FB
_CCP2MX_OFF_3H                    000000FE
_CCP2MX_ON_3H                     000000FF
_CONFIG1H                         00300001
_CONFIG1L                         00300000
_CONFIG2H                         00300003
_CONFIG2L                         00300002
_CONFIG3H                         00300005
_CONFIG4L                         00300006
_CONFIG5H                         00300009
_CONFIG5L                         00300008
_CONFIG6H                         0030000B
_CONFIG6L                         0030000A
_CONFIG7H                         0030000D
_CONFIG7L                         0030000C
_CP0_OFF_5L                       000000FF
_CP0_ON_5L                        000000FE
_CP1_OFF_5L                       000000FF
_CP1_ON_5L                        000000FD
_CP2_OFF_5L                       000000FF
_CP2_ON_5L                        000000FB
_CP3_OFF_5L                       000000FF
_CP3_ON_5L                        000000F7
_CPB_OFF_5H                       000000FF
_CPB_ON_5H                        000000BF
_CPD_OFF_5H                       000000FF
_CPD_ON_5H                        0000007F
_CPUDIV_OSC1_PLL2_1L              000000E7
_CPUDIV_OSC2_PLL3_1L              000000EF
_CPUDIV_OSC3_PLL4_1L              000000F7
_CPUDIV_OSC4_PLL6_1L              000000FF
_DEBUG_OFF_4L                     000000FF
_DEBUG_ON_4L                      0000007F
_DEVID1                           003FFFFE
_DEVID2                           003FFFFF
_EBTR0_OFF_7L                     000000FF
_EBTR0_ON_7L                      000000FE
_EBTR1_OFF_7L                     000000FF
MPASM  5.37                         P_4_3.ASM   11-15-2016  9:49:43         PAGE 23


SYMBOL TABLE
  LABEL                             VALUE 

_EBTR1_ON_7L                      000000FD
_EBTR2_OFF_7L                     000000FF
_EBTR2_ON_7L                      000000FB
_EBTR3_OFF_7L                     000000FF
_EBTR3_ON_7L                      000000F7
_EBTRB_OFF_7H                     000000FF
_EBTRB_ON_7H                      000000BF
_FCMEN_OFF_1H                     000000BF
_FCMEN_ON_1H                      000000FF
_FOSC_ECIO_EC_1H                  000000F4
_FOSC_ECPLLIO_EC_1H               000000F6
_FOSC_ECPLL_EC_1H                 000000F7
_FOSC_EC_EC_1H                    000000F5
_FOSC_HSPLL_HS_1H                 000000FE
_FOSC_HS_1H                       000000FC
_FOSC_INTOSCIO_EC_1H              000000F8
_FOSC_INTOSC_EC_1H                000000F9
_FOSC_INTOSC_HS_1H                000000FB
_FOSC_INTOSC_XT_1H                000000FA
_FOSC_XTPLL_XT_1H                 000000F2
_FOSC_XT_XT_1H                    000000F0
_ICPRT_OFF_4L                     000000DF
_ICPRT_ON_4L                      000000FF
_IDLOC0                           00200000
_IDLOC1                           00200001
_IDLOC2                           00200002
_IDLOC3                           00200003
_IDLOC4                           00200004
_IDLOC5                           00200005
_IDLOC6                           00200006
_IDLOC7                           00200007
_IESO_OFF_1H                      0000007F
_IESO_ON_1H                       000000FF
_LPT1OSC_OFF_3H                   000000FB
_LPT1OSC_ON_3H                    000000FF
_LVP_OFF_4L                       000000FB
_LVP_ON_4L                        000000FF
_MCLRE_OFF_3H                     0000007F
_MCLRE_ON_3H                      000000FF
_PBADEN_OFF_3H                    000000FD
_PBADEN_ON_3H                     000000FF
_PLLDIV_10_1L                     000000FE
_PLLDIV_12_1L                     000000FF
_PLLDIV_1_1L                      000000F8
_PLLDIV_2_1L                      000000F9
_PLLDIV_3_1L                      000000FA
_PLLDIV_4_1L                      000000FB
_PLLDIV_5_1L                      000000FC
_PLLDIV_6_1L                      000000FD
_PWRT_OFF_2L                      000000FF
_PWRT_ON_2L                       000000FE
_STVREN_OFF_4L                    000000FE
_STVREN_ON_4L                     000000FF
MPASM  5.37                         P_4_3.ASM   11-15-2016  9:49:43         PAGE 24


SYMBOL TABLE
  LABEL                             VALUE 

_USBDIV_1_1L                      000000DF
_USBDIV_2_1L                      000000FF
_VREGEN_OFF_2L                    000000DF
_VREGEN_ON_2L                     000000FF
_WDTPS_1024_2H                    000000F5
_WDTPS_128_2H                     000000EF
_WDTPS_16384_2H                   000000FD
_WDTPS_16_2H                      000000E9
_WDTPS_1_2H                       000000E1
_WDTPS_2048_2H                    000000F7
_WDTPS_256_2H                     000000F1
_WDTPS_2_2H                       000000E3
_WDTPS_32768_2H                   000000FF
_WDTPS_32_2H                      000000EB
_WDTPS_4096_2H                    000000F9
_WDTPS_4_2H                       000000E5
_WDTPS_512_2H                     000000F3
_WDTPS_64_2H                      000000ED
_WDTPS_8192_2H                    000000FB
_WDTPS_8_2H                       000000E7
_WDT_OFF_2H                       000000FE
_WDT_ON_2H                        000000FF
_WRT0_OFF_6L                      000000FF
_WRT0_ON_6L                       000000FE
_WRT1_OFF_6L                      000000FF
_WRT1_ON_6L                       000000FD
_WRT2_OFF_6L                      000000FF
_WRT2_ON_6L                       000000FB
_WRT3_OFF_6L                      000000FF
_WRT3_ON_6L                       000000F7
_WRTB_OFF_6H                      000000FF
_WRTB_ON_6H                       000000BF
_WRTC_OFF_6H                      000000FF
_WRTC_ON_6H                       000000DF
_WRTD_OFF_6H                      000000FF
_WRTD_ON_6H                       0000007F
_XINST_OFF_4L                     000000BF
_XINST_ON_4L                      000000FF
__18F4550                         00000001
__DEBUG                           1
cdech                             0000000E
cdecmin                           0000000A
ciclo                             00000001
cod                               00000068
cont                              00000002
cunih                             0000000C
cunimin                           00000008
dh                                000001D6
dmin                              00000170
dos                               00000116
espera                            0000012A
exit                              000002A8
flags                             00000000
MPASM  5.37                         P_4_3.ASM   11-15-2016  9:49:43         PAGE 25


SYMBOL TABLE
  LABEL                             VALUE 

h0                                00000258
h1                                00000290
idech                             0000000D
idecmin                           00000009
idecseg                           00000006
inicio                            0000004C
inicio2                           0000001A
iunih                             0000000B
iunimin                           00000007
iuniseg                           00000005
ldm                               00000244
lim                               000000D0
nada                              0000011E
nom                               0000009A
op                                00000216
op1                               00000224
op2                               000002A6
retardo                           0000011E
selec                             00000003
tecla                             00000004
uh                                0000019C
vis                               00000092


MEMORY USAGE MAP ('X' = Used,  '-' = Unused)

0000 : XXXX----XX------ --------XXXXXXXX XXXXXXXXXXXXXXXX XXXXXXXXXXXXXXXX
0040 : XXXXXXXXXXXXXXXX XXXXXXXXXXXXXXXX XXXXXXXXXXXXXXXX XXXXXXXXXXXXXXXX
0080 : XXXXXXXXXXXXXXXX XXXXXXXXXXXXXXXX XXXXXXXXXXXXXXXX XXXXXXXXXXXXXXXX
00C0 : XXXXXXXXXXXXXXXX XXXXXXXXXXXXXXXX XXXXXXXXXXXXXXXX XXXXXXXXXXXXXXXX
0100 : XXXXXXXXXXXXXXXX XXXXXXXXXXXXXXXX XXXXXXXXXXXXXXXX XXXXXXXXXXXXXXXX
0140 : XXXXXXXXXXXXXXXX XXXXXXXXXXXXXXXX XXXXXXXXXXXXXXXX XXXXXXXXXXXXXXXX
0180 : XXXXXXXXXXXXXXXX XXXXXXXXXXXXXXXX XXXXXXXXXXXXXXXX XXXXXXXXXXXXXXXX
01C0 : XXXXXXXXXXXXXXXX XXXXXXXXXXXXXXXX XXXXXXXXXXXXXXXX XXXXXXXXXXXXXXXX
0200 : XXXXXXXXXXXXXXXX XXXXXXXXXXXXXXXX XXXXXXXXXXXXXXXX XXXXXXXXXXXXXXXX
0240 : XXXXXXXXXXXXXXXX XXXXXXXXXXXXXXXX XXXXXXXXXXXXXXXX XXXXXXXXXXXXXXXX
0280 : XXXXXXXXXXXXXXXX XXXXXXXXXXXXXXXX XXXXXXXXXXXXXXXX XXXXXXXXXXXXXXXX
02C0 : XXXXXXXXXXXXXXXX XXXXXXXXXXXXXXXX XXXXXXXXXXXXXXXX XXXXXXXXXXXXXX--
0300 : ----XXXXXXXXXXXX XX-------------- ---------------- ----------------
0000 : XXXX-XX-XXXXXX-- ---------------- ---------------- ----------------

All other memory blocks unused.

Program Memory Bytes Used:   774
Program Memory Bytes Free: 31994


Errors   :     0
Warnings :     0 reported,     0 suppressed
Messages :     0 reported,     0 suppressed

